Using pre-set license
Built from '2020.3/release' branch; Version is '2020.3.1f1 (77a89f25062f) revision 7841951'; Using compiler version '192528614'; Build Type 'Release'
OS: 'Windows 10 Pro; OS build 19044.1706; Version 2009; 64bit' Language: 'ru' Physical Memory: 16315 MB
BatchMode: 1, IsHumanControllingUs: 0, StartBugReporterOnCrash: 0, Is64bit: 1, IsPro: 0

 COMMAND LINE ARGUMENTS:
C:\Program Files\Unity\Hub\Editor\2020.3.1f1\Editor\Unity.exe
-adb2
-batchMode
-noUpm
-name
AssetImportWorker0
-projectPath
C:/UnityProje/Theif Trap (Collab)/Thief Trap
-logFile
Logs/AssetImportWorker0.log
-srvPort
50595
Successfully changed project path to: C:/UnityProje/Theif Trap (Collab)/Thief Trap
C:/UnityProje/Theif Trap (Collab)/Thief Trap
Using Asset Import Pipeline V2.
Refreshing native plugins compatible for Editor in 149.82 ms, found 5 plugins.
Preloading 0 native plugins for Editor in 0.00 ms.
Initialize engine version: 2020.3.1f1 (77a89f25062f)
[Subsystems] Discovering subsystems at path C:/Program Files/Unity/Hub/Editor/2020.3.1f1/Editor/Data/Resources/UnitySubsystems
[Subsystems] Discovering subsystems at path C:/UnityProje/Theif Trap (Collab)/Thief Trap/Assets
GfxDevice: creating device client; threaded=0
Direct3D:
    Version:  Direct3D 11.0 [level 11.1]
    Renderer: NVIDIA GeForce GTX 1070 (ID=0x1b81)
    Vendor:   
    VRAM:     8088 MB
    Driver:   30.0.15.1259
Shader 'Universal Render Pipeline/Particles/Lit': fallback shader 'Universal Render Pipeline/Particles/SimpleLit' not found
Initialize mono
Mono path[0] = 'C:/Program Files/Unity/Hub/Editor/2020.3.1f1/Editor/Data/Managed'
Mono path[1] = 'C:/Program Files/Unity/Hub/Editor/2020.3.1f1/Editor/Data/MonoBleedingEdge/lib/mono/unityjit'
Mono config path = 'C:/Program Files/Unity/Hub/Editor/2020.3.1f1/Editor/Data/MonoBleedingEdge/etc'
Using monoOptions --debugger-agent=transport=dt_socket,embedding=1,server=y,suspend=n,address=127.0.0.1:56988
Begin MonoManager ReloadAssembly
Registering precompiled unity dll's ...
Register platform support module: C:/Program Files/Unity/Hub/Editor/2020.3.1f1/Editor/Data/PlaybackEngines/WindowsStandaloneSupport/UnityEditor.WindowsStandalone.Extensions.dll
Registered in 0.001760 seconds.
Native extension for WindowsStandalone target not found
Refreshing native plugins compatible for Editor in 111.75 ms, found 5 plugins.
Preloading 0 native plugins for Editor in 0.00 ms.
Invoked RoslynAnalysisRunner static constructor.
RoslynAnalysisRunner will not be running.
RoslynAnalysisRunner has terminated.
Mono: successfully reloaded assembly
- Completed reload, in  2.672 seconds
Platform modules already initialized, skipping
Registering precompiled user dll's ...
Registered in 0.018693 seconds.
Begin MonoManager ReloadAssembly
Native extension for WindowsStandalone target not found
Refreshing native plugins compatible for Editor in 121.81 ms, found 5 plugins.
Preloading 0 native plugins for Editor in 0.00 ms.
Invoked RoslynAnalysisRunner static constructor.
RoslynAnalysisRunner will not be running.
RoslynAnalysisRunner has terminated.
Mono: successfully reloaded assembly
- Completed reload, in  2.081 seconds
Platform modules already initialized, skipping
========================================================================
Worker process is ready to serve import requests
Shader 'Universal Render Pipeline/Particles/Lit': fallback shader 'Universal Render Pipeline/Particles/SimpleLit' not found
Launched and connected shader compiler UnityShaderCompiler.exe after 0.04 seconds
Refreshing native plugins compatible for Editor in 2.09 ms, found 5 plugins.
Preloading 0 native plugins for Editor in 0.00 ms.
Unloading 4829 Unused Serialized files (Serialized files now loaded: 0)
System memory in use before: 190.7 MB.
System memory in use after: 190.7 MB.

Unloading 226 unused Assets to reduce memory usage. Loaded Objects now: 5202.
Total: 4.697600 ms (FindLiveObjects: 0.693200 ms CreateObjectMapping: 0.152600 ms MarkObjects: 3.288300 ms  DeleteObjects: 0.562100 ms)

========================================================================
Received Import Request.
  path: Assets/Tiny_Toony_City_Demo/PolygonBlacksmith/TT_Citizens_demo/prefabs/TT_demo_police.prefab
  artifactKey: Guid(db3c50e77180ff3498c94dbf7de00bcc) Importer(815301076,1909f56bfc062723c751e8b465ee728b)
Start importing Assets/Tiny_Toony_City_Demo/PolygonBlacksmith/TT_Citizens_demo/prefabs/TT_demo_police.prefab using Guid(db3c50e77180ff3498c94dbf7de00bcc) Importer(815301076,1909f56bfc062723c751e8b465ee728b)  -> (artifact id: '435eac205a2b88fe2d0fdb47ad1eb7d8') in 0.238117 seconds
  Import took 0.248676 seconds .

========================================================================
Received Import Request.
  Time since last request: 6.767482 seconds.
  path: Assets/PolygonCity/Scenes
  artifactKey: Guid(f422dbe4849e51347af15eedd142ec3c) Importer(815301076,1909f56bfc062723c751e8b465ee728b)
Start importing Assets/PolygonCity/Scenes using Guid(f422dbe4849e51347af15eedd142ec3c) Importer(815301076,1909f56bfc062723c751e8b465ee728b)  -> (artifact id: 'cb7813a892961ccea0138b1514145c40') in 0.005418 seconds
  Import took 0.014881 seconds .

========================================================================
Received Import Request.
  Time since last request: 0.509090 seconds.
  path: Assets/PolygonCity/Scenes/Demo.unity
  artifactKey: Guid(35299a6a99d6dfe4bb709527ba95aab0) Importer(815301076,1909f56bfc062723c751e8b465ee728b)
Start importing Assets/PolygonCity/Scenes/Demo.unity using Guid(35299a6a99d6dfe4bb709527ba95aab0) Importer(815301076,1909f56bfc062723c751e8b465ee728b)  -> (artifact id: '31c346b20818750b716d124cccd889b8') in 0.005474 seconds
  Import took 0.013755 seconds .

========================================================================
Received Import Request.
  Time since last request: 71.088546 seconds.
  path: Assets/Tiny_Toony_City_Demo/Materials/M_Cars.mat
  artifactKey: Guid(4f28036b2fdd7824f904e56de7c6c1e6) Importer(815301076,1909f56bfc062723c751e8b465ee728b)
Start importing Assets/Tiny_Toony_City_Demo/Materials/M_Cars.mat using Guid(4f28036b2fdd7824f904e56de7c6c1e6) Importer(815301076,1909f56bfc062723c751e8b465ee728b)  -> (artifact id: '7716e8beae0c3ecb0dc6e1a7380cd418') in 0.041213 seconds
  Import took 0.051293 seconds .

========================================================================
Received Import Request.
  Time since last request: 0.004423 seconds.
  path: Assets/Tiny_Toony_City_Demo/Materials/M_Cars.mat
  artifactKey: Guid(4f28036b2fdd7824f904e56de7c6c1e6) Importer(815301076,1909f56bfc062723c751e8b465ee728b)
Start importing Assets/Tiny_Toony_City_Demo/Materials/M_Cars.mat using Guid(4f28036b2fdd7824f904e56de7c6c1e6) Importer(815301076,1909f56bfc062723c751e8b465ee728b)  -> (artifact id: '7716e8beae0c3ecb0dc6e1a7380cd418') in 0.012824 seconds
  Import took 0.023094 seconds .

========================================================================
Received Prepare
Registering precompiled user dll's ...
Registered in 0.016741 seconds.
Begin MonoManager ReloadAssembly
Native extension for WindowsStandalone target not found
Refreshing native plugins compatible for Editor in 2.09 ms, found 5 plugins.
Preloading 0 native plugins for Editor in 0.00 ms.
Warning: Annotation not found!
UnityEngine.StackTraceUtility:ExtractStackTrace ()
UnityEditor.ProBuilder.EditorUtility:SetGizmoIconEnabled (System.Type,bool) (at Library/PackageCache/com.unity.probuilder@5.0.3/Editor/EditorCore/EditorUtility.cs:575)
UnityEditor.ProBuilder.HierarchyListener:.cctor () (at Library/PackageCache/com.unity.probuilder@5.0.3/Editor/EditorCore/HierarchyListener.cs:21)
System.Runtime.CompilerServices.RuntimeHelpers:RunClassConstructor (System.RuntimeTypeHandle)
UnityEditor.EditorAssemblies:ProcessInitializeOnLoadAttributes (System.Type[])

[Library/PackageCache/com.unity.probuilder@5.0.3/Editor/EditorCore/EditorUtility.cs line 575]

Invoked RoslynAnalysisRunner static constructor.
RoslynAnalysisRunner will not be running.
RoslynAnalysisRunner has terminated.
Mono: successfully reloaded assembly
- Completed reload, in  1.691 seconds
Platform modules already initialized, skipping
Switching build target platform(5) subTarget(0) extendedPlatform(0) -> platform(13) subTarget(537395200) extendedPlatform(0)
Shader 'Universal Render Pipeline/Particles/Lit': fallback shader 'Universal Render Pipeline/Particles/SimpleLit' not found
Refreshing native plugins compatible for Editor in 1.92 ms, found 5 plugins.
Preloading 0 native plugins for Editor in 0.00 ms.
Unloading 4660 Unused Serialized files (Serialized files now loaded: 0)
System memory in use before: 198.4 MB.
System memory in use after: 198.4 MB.

Unloading 124 unused Assets to reduce memory usage. Loaded Objects now: 5283.
Total: 3.507000 ms (FindLiveObjects: 0.492500 ms CreateObjectMapping: 0.124700 ms MarkObjects: 2.705300 ms  DeleteObjects: 0.183200 ms)

AssetImportParameters requested are different than current active one (requested -> active):
  custom:graphics/normal-map-encoding: 01000000000000000000000000000000 -> 02000000000000000000000000000000
========================================================================
Received Import Request.
  Time since last request: 792.247490 seconds.
  path: Assets/Tiny_Toony_City_Demo/PolygonBlacksmith/TT_Citizens_demo/prefabs
  artifactKey: Guid(cbe865f6872ee3547a3994c71343fd8b) Importer(815301076,1909f56bfc062723c751e8b465ee728b)
Start importing Assets/Tiny_Toony_City_Demo/PolygonBlacksmith/TT_Citizens_demo/prefabs using Guid(cbe865f6872ee3547a3994c71343fd8b) Importer(815301076,1909f56bfc062723c751e8b465ee728b)  -> (artifact id: 'd32b2d44ef6dd1a5b333bc7d334c68f5') in 0.010721 seconds
  Import took 0.018579 seconds .

========================================================================
Received Import Request.
  Time since last request: 8.853195 seconds.
  path: Assets/Tiny_Toony_City_Demo/Meshes
  artifactKey: Guid(a264569f2061c7b4c80b78073bd0af68) Importer(815301076,1909f56bfc062723c751e8b465ee728b)
Start importing Assets/Tiny_Toony_City_Demo/Meshes using Guid(a264569f2061c7b4c80b78073bd0af68) Importer(815301076,1909f56bfc062723c751e8b465ee728b)  -> (artifact id: '200f399d7f6702203bcda300d4ae5c23') in 0.005280 seconds
  Import took 0.013284 seconds .

========================================================================
Received Import Request.
  Time since last request: 6.812693 seconds.
  path: Assets/Tiny_Toony_City_Demo/PolygonBlacksmith
  artifactKey: Guid(09b5e4f4daedca14f877c6185cdc54ee) Importer(815301076,1909f56bfc062723c751e8b465ee728b)
Start importing Assets/Tiny_Toony_City_Demo/PolygonBlacksmith using Guid(09b5e4f4daedca14f877c6185cdc54ee) Importer(815301076,1909f56bfc062723c751e8b465ee728b)  -> (artifact id: '042970b8f862a607f6261149a94e5725') in 0.005449 seconds
  Import took 0.013307 seconds .

========================================================================
Received Import Request.
  Time since last request: 1.249214 seconds.
  path: Assets/Tiny_Toony_City_Demo/PolygonBlacksmith/TT_Citizens_demo
  artifactKey: Guid(0e2f43d9df0f0294eaafc49be4ebda3a) Importer(815301076,1909f56bfc062723c751e8b465ee728b)
Start importing Assets/Tiny_Toony_City_Demo/PolygonBlacksmith/TT_Citizens_demo using Guid(0e2f43d9df0f0294eaafc49be4ebda3a) Importer(815301076,1909f56bfc062723c751e8b465ee728b)  -> (artifact id: '2f39912f1d4c12e574b0c085e67d4c5b') in 0.004937 seconds
  Import took 0.013124 seconds .

========================================================================
Received Import Request.
  Time since last request: 0.699830 seconds.
  path: Assets/Tiny_Toony_City_Demo/PolygonBlacksmith/TT_Citizens_demo/models
  artifactKey: Guid(e20ae92911ce1af44a7a173c1295f6bd) Importer(815301076,1909f56bfc062723c751e8b465ee728b)
Start importing Assets/Tiny_Toony_City_Demo/PolygonBlacksmith/TT_Citizens_demo/models using Guid(e20ae92911ce1af44a7a173c1295f6bd) Importer(815301076,1909f56bfc062723c751e8b465ee728b)  -> (artifact id: '3f65bb8635a2cd3e8d6c945489b8959a') in 0.004895 seconds
  Import took 0.013313 seconds .

========================================================================
Received Import Request.
  Time since last request: 271.456228 seconds.
  path: Assets/Tiny_Toony_City_Demo/PolygonBlacksmith/TT_Citizens_demo/models/TT_demo_police 1.FBX
  artifactKey: Guid(7959651e946b6c84ebd256cea4c0427f) Importer(815301076,1909f56bfc062723c751e8b465ee728b)
Start importing Assets/Tiny_Toony_City_Demo/PolygonBlacksmith/TT_Citizens_demo/models/TT_demo_police 1.FBX using Guid(7959651e946b6c84ebd256cea4c0427f) Importer(815301076,1909f56bfc062723c751e8b465ee728b)  -> (artifact id: 'd84d36d2c5e1a0041b4c4511ea9bc732') in 0.192279 seconds
  Import took 0.202420 seconds .

========================================================================
Received Prepare
Registering precompiled user dll's ...
Registered in 0.014469 seconds.
Begin MonoManager ReloadAssembly
Native extension for WindowsStandalone target not found
Refreshing native plugins compatible for Editor in 1.83 ms, found 5 plugins.
Preloading 0 native plugins for Editor in 0.00 ms.
Warning: Annotation not found!
UnityEngine.StackTraceUtility:ExtractStackTrace ()
UnityEditor.ProBuilder.EditorUtility:SetGizmoIconEnabled (System.Type,bool) (at Library/PackageCache/com.unity.probuilder@5.0.3/Editor/EditorCore/EditorUtility.cs:575)
UnityEditor.ProBuilder.HierarchyListener:.cctor () (at Library/PackageCache/com.unity.probuilder@5.0.3/Editor/EditorCore/HierarchyListener.cs:21)
System.Runtime.CompilerServices.RuntimeHelpers:RunClassConstructor (System.RuntimeTypeHandle)
UnityEditor.EditorAssemblies:ProcessInitializeOnLoadAttributes (System.Type[])

[Library/PackageCache/com.unity.probuilder@5.0.3/Editor/EditorCore/EditorUtility.cs line 575]

Invoked RoslynAnalysisRunner static constructor.
RoslynAnalysisRunner will not be running.
RoslynAnalysisRunner has terminated.
Mono: successfully reloaded assembly
- Completed reload, in  1.370 seconds
Platform modules already initialized, skipping
Switching build target platform(5) subTarget(0) extendedPlatform(0) -> platform(13) subTarget(537395200) extendedPlatform(0)
Shader 'Universal Render Pipeline/Particles/Lit': fallback shader 'Universal Render Pipeline/Particles/SimpleLit' not found
Refreshing native plugins compatible for Editor in 1.74 ms, found 5 plugins.
Preloading 0 native plugins for Editor in 0.00 ms.
Unloading 4660 Unused Serialized files (Serialized files now loaded: 0)
System memory in use before: 198.9 MB.
System memory in use after: 199.0 MB.

Unloading 124 unused Assets to reduce memory usage. Loaded Objects now: 5324.
Total: 4.312800 ms (FindLiveObjects: 0.662300 ms CreateObjectMapping: 0.133100 ms MarkObjects: 3.273200 ms  DeleteObjects: 0.243100 ms)

AssetImportParameters requested are different than current active one (requested -> active):
  custom:graphics/normal-map-encoding: 01000000000000000000000000000000 -> 02000000000000000000000000000000
========================================================================
Received Prepare
Registering precompiled user dll's ...
Registered in 0.017430 seconds.
Begin MonoManager ReloadAssembly
Native extension for WindowsStandalone target not found
Refreshing native plugins compatible for Editor in 1.73 ms, found 5 plugins.
Preloading 0 native plugins for Editor in 0.00 ms.
Warning: Annotation not found!
UnityEngine.StackTraceUtility:ExtractStackTrace ()
UnityEditor.ProBuilder.EditorUtility:SetGizmoIconEnabled (System.Type,bool) (at Library/PackageCache/com.unity.probuilder@5.0.3/Editor/EditorCore/EditorUtility.cs:575)
UnityEditor.ProBuilder.HierarchyListener:.cctor () (at Library/PackageCache/com.unity.probuilder@5.0.3/Editor/EditorCore/HierarchyListener.cs:21)
System.Runtime.CompilerServices.RuntimeHelpers:RunClassConstructor (System.RuntimeTypeHandle)
UnityEditor.EditorAssemblies:ProcessInitializeOnLoadAttributes (System.Type[])

[Library/PackageCache/com.unity.probuilder@5.0.3/Editor/EditorCore/EditorUtility.cs line 575]

Invoked RoslynAnalysisRunner static constructor.
RoslynAnalysisRunner will not be running.
RoslynAnalysisRunner has terminated.
Mono: successfully reloaded assembly
- Completed reload, in  1.330 seconds
Platform modules already initialized, skipping
Switching build target platform(5) subTarget(0) extendedPlatform(0) -> platform(13) subTarget(537395200) extendedPlatform(0)
Shader 'Universal Render Pipeline/Particles/Lit': fallback shader 'Universal Render Pipeline/Particles/SimpleLit' not found
Refreshing native plugins compatible for Editor in 1.93 ms, found 5 plugins.
Preloading 0 native plugins for Editor in 0.00 ms.
Unloading 4660 Unused Serialized files (Serialized files now loaded: 0)
System memory in use before: 199.0 MB.
System memory in use after: 199.0 MB.

Unloading 124 unused Assets to reduce memory usage. Loaded Objects now: 5326.
Total: 3.904000 ms (FindLiveObjects: 0.605100 ms CreateObjectMapping: 0.125100 ms MarkObjects: 2.951100 ms  DeleteObjects: 0.221700 ms)

AssetImportParameters requested are different than current active one (requested -> active):
  custom:graphics/normal-map-encoding: 01000000000000000000000000000000 -> 02000000000000000000000000000000
========================================================================
Received Import Request.
  Time since last request: 167.811350 seconds.
  path: Assets/Tiny_Toony_City_Demo/PolygonBlacksmith/TT_Citizens_demo/prefabs/TT_demo_police.prefab
  artifactKey: Guid(db3c50e77180ff3498c94dbf7de00bcc) Importer(815301076,1909f56bfc062723c751e8b465ee728b)
Start importing Assets/Tiny_Toony_City_Demo/PolygonBlacksmith/TT_Citizens_demo/prefabs/TT_demo_police.prefab using Guid(db3c50e77180ff3498c94dbf7de00bcc) Importer(815301076,1909f56bfc062723c751e8b465ee728b)  -> (artifact id: 'd6bb632b40bc44386f145c566478f973') in 0.139934 seconds
  Import took 0.148218 seconds .

========================================================================
Received Import Request.
  Time since last request: 4.290195 seconds.
  path: Assets/Tiny_Toony_City_Demo/PolygonBlacksmith/TT_Citizens_demo/prefabs/TT_demo_police.prefab
  artifactKey: Guid(db3c50e77180ff3498c94dbf7de00bcc) Importer(815301076,1909f56bfc062723c751e8b465ee728b)
Start importing Assets/Tiny_Toony_City_Demo/PolygonBlacksmith/TT_Citizens_demo/prefabs/TT_demo_police.prefab using Guid(db3c50e77180ff3498c94dbf7de00bcc) Importer(815301076,1909f56bfc062723c751e8b465ee728b)  -> (artifact id: 'bc7eb39de6fd578234e68ff31a8afe09') in 0.019737 seconds
  Import took 0.029427 seconds .

========================================================================
Received Import Request.
  Time since last request: 5.977091 seconds.
  path: Assets/Tiny_Toony_City_Demo/PolygonBlacksmith/TT_Citizens_demo/prefabs/TT_demo_police.prefab
  artifactKey: Guid(db3c50e77180ff3498c94dbf7de00bcc) Importer(815301076,1909f56bfc062723c751e8b465ee728b)
Start importing Assets/Tiny_Toony_City_Demo/PolygonBlacksmith/TT_Citizens_demo/prefabs/TT_demo_police.prefab using Guid(db3c50e77180ff3498c94dbf7de00bcc) Importer(815301076,1909f56bfc062723c751e8b465ee728b)  -> (artifact id: '191c9404f7d024f3be19f90cf5a0d893') in 0.017358 seconds
  Import took 0.025610 seconds .

========================================================================
Received Prepare
Registering precompiled user dll's ...
Registered in 0.013408 seconds.
Begin MonoManager ReloadAssembly
Native extension for WindowsStandalone target not found
Refreshing native plugins compatible for Editor in 1.81 ms, found 5 plugins.
Preloading 0 native plugins for Editor in 0.00 ms.
Warning: Annotation not found!
UnityEngine.StackTraceUtility:ExtractStackTrace ()
UnityEditor.ProBuilder.EditorUtility:SetGizmoIconEnabled (System.Type,bool) (at Library/PackageCache/com.unity.probuilder@5.0.3/Editor/EditorCore/EditorUtility.cs:575)
UnityEditor.ProBuilder.HierarchyListener:.cctor () (at Library/PackageCache/com.unity.probuilder@5.0.3/Editor/EditorCore/HierarchyListener.cs:21)
System.Runtime.CompilerServices.RuntimeHelpers:RunClassConstructor (System.RuntimeTypeHandle)
UnityEditor.EditorAssemblies:ProcessInitializeOnLoadAttributes (System.Type[])

[Library/PackageCache/com.unity.probuilder@5.0.3/Editor/EditorCore/EditorUtility.cs line 575]

Invoked RoslynAnalysisRunner static constructor.
RoslynAnalysisRunner will not be running.
RoslynAnalysisRunner has terminated.
Mono: successfully reloaded assembly
- Completed reload, in  1.360 seconds
Platform modules already initialized, skipping
Switching build target platform(5) subTarget(0) extendedPlatform(0) -> platform(13) subTarget(537395200) extendedPlatform(0)
Shader 'Universal Render Pipeline/Particles/Lit': fallback shader 'Universal Render Pipeline/Particles/SimpleLit' not found
Refreshing native plugins compatible for Editor in 2.01 ms, found 5 plugins.
Preloading 0 native plugins for Editor in 0.00 ms.
Unloading 4660 Unused Serialized files (Serialized files now loaded: 0)
System memory in use before: 199.3 MB.
System memory in use after: 199.6 MB.

Unloading 124 unused Assets to reduce memory usage. Loaded Objects now: 5364.
Total: 3.535100 ms (FindLiveObjects: 0.549900 ms CreateObjectMapping: 0.129700 ms MarkObjects: 2.653900 ms  DeleteObjects: 0.200400 ms)

AssetImportParameters requested are different than current active one (requested -> active):
  custom:graphics/normal-map-encoding: 01000000000000000000000000000000 -> 02000000000000000000000000000000
========================================================================
Received Import Request.
  Time since last request: 62.526897 seconds.
  path: Assets/Tiny_Toony_City_Demo/PolygonBlacksmith/TT_Citizens_demo/prefabs/TT_demo_police 1.prefab
  artifactKey: Guid(d3ab7dae15af66a4db2745d450114238) Importer(815301076,1909f56bfc062723c751e8b465ee728b)
Start importing Assets/Tiny_Toony_City_Demo/PolygonBlacksmith/TT_Citizens_demo/prefabs/TT_demo_police 1.prefab using Guid(d3ab7dae15af66a4db2745d450114238) Importer(815301076,1909f56bfc062723c751e8b465ee728b)  -> (artifact id: 'b29f333075a68d5a7dee90cb2e65808e') in 0.142232 seconds
  Import took 0.151220 seconds .

========================================================================
Received Import Request.
  Time since last request: 7.136299 seconds.
  path: Assets/Tiny_Toony_City_Demo/PolygonBlacksmith/TT_Citizens_demo/prefabs/TT_demo_police 1.prefab
  artifactKey: Guid(d3ab7dae15af66a4db2745d450114238) Importer(815301076,1909f56bfc062723c751e8b465ee728b)
Start importing Assets/Tiny_Toony_City_Demo/PolygonBlacksmith/TT_Citizens_demo/prefabs/TT_demo_police 1.prefab using Guid(d3ab7dae15af66a4db2745d450114238) Importer(815301076,1909f56bfc062723c751e8b465ee728b)  -> (artifact id: '9706ecc37b5c2e72d37f6acdc1295fe0') in 0.016858 seconds
  Import took 0.024656 seconds .

========================================================================
Received Import Request.
  Time since last request: 8.266936 seconds.
  path: Assets/Tiny_Toony_City_Demo/PolygonBlacksmith/TT_Citizens_demo/prefabs/TT_demo_police 1.prefab
  artifactKey: Guid(d3ab7dae15af66a4db2745d450114238) Importer(815301076,1909f56bfc062723c751e8b465ee728b)
Start importing Assets/Tiny_Toony_City_Demo/PolygonBlacksmith/TT_Citizens_demo/prefabs/TT_demo_police 1.prefab using Guid(d3ab7dae15af66a4db2745d450114238) Importer(815301076,1909f56bfc062723c751e8b465ee728b)  -> (artifact id: '63a67da53e209e7a885cd638a694f514') in 0.016481 seconds
  Import took 0.025421 seconds .

========================================================================
Received Import Request.
  Time since last request: 5.391803 seconds.
  path: Assets/Tiny_Toony_City_Demo/PolygonBlacksmith/TT_Citizens_demo/prefabs/TT_demo_police 1.prefab
  artifactKey: Guid(d3ab7dae15af66a4db2745d450114238) Importer(815301076,1909f56bfc062723c751e8b465ee728b)
Start importing Assets/Tiny_Toony_City_Demo/PolygonBlacksmith/TT_Citizens_demo/prefabs/TT_demo_police 1.prefab using Guid(d3ab7dae15af66a4db2745d450114238) Importer(815301076,1909f56bfc062723c751e8b465ee728b)  -> (artifact id: '87180a913ea67c0b3de1905b49fb1bcb') in 0.018580 seconds
  Import took 0.027082 seconds .

========================================================================
Received Import Request.
  Time since last request: 13.726760 seconds.
  path: Assets/Tiny_Toony_City_Demo/PolygonBlacksmith/TT_Citizens_demo/prefabs/TT_demo_police 1.prefab
  artifactKey: Guid(d3ab7dae15af66a4db2745d450114238) Importer(815301076,1909f56bfc062723c751e8b465ee728b)
Start importing Assets/Tiny_Toony_City_Demo/PolygonBlacksmith/TT_Citizens_demo/prefabs/TT_demo_police 1.prefab using Guid(d3ab7dae15af66a4db2745d450114238) Importer(815301076,1909f56bfc062723c751e8b465ee728b)  -> (artifact id: '7950195bd4d75ff419b5c7e14b2b6e93') in 0.018971 seconds
  Import took 0.027219 seconds .

========================================================================
Received Import Request.
  Time since last request: 13.333462 seconds.
  path: Assets/Tiny_Toony_City_Demo/PolygonBlacksmith/TT_Citizens_demo/prefabs/TT_demo_police 1.prefab
  artifactKey: Guid(d3ab7dae15af66a4db2745d450114238) Importer(815301076,1909f56bfc062723c751e8b465ee728b)
Start importing Assets/Tiny_Toony_City_Demo/PolygonBlacksmith/TT_Citizens_demo/prefabs/TT_demo_police 1.prefab using Guid(d3ab7dae15af66a4db2745d450114238) Importer(815301076,1909f56bfc062723c751e8b465ee728b)  -> (artifact id: '172f1e884eeb975dc97890a9d5efb5fb') in 0.018669 seconds
  Import took 0.026869 seconds .

========================================================================
Received Import Request.
  Time since last request: 0.978853 seconds.
  path: Assets/Tiny_Toony_City_Demo/PolygonBlacksmith/TT_Citizens_demo/prefabs/TT_demo_police 1.prefab
  artifactKey: Guid(d3ab7dae15af66a4db2745d450114238) Importer(815301076,1909f56bfc062723c751e8b465ee728b)
Start importing Assets/Tiny_Toony_City_Demo/PolygonBlacksmith/TT_Citizens_demo/prefabs/TT_demo_police 1.prefab using Guid(d3ab7dae15af66a4db2745d450114238) Importer(815301076,1909f56bfc062723c751e8b465ee728b)  -> (artifact id: '6b69a1b4d043783d4126f0b88c685c9f') in 0.017875 seconds
  Import took 0.026669 seconds .

========================================================================
Received Import Request.
  Time since last request: 7.212684 seconds.
  path: Assets/Anima/TT_demo_police.controller
  artifactKey: Guid(60fe268de5c24bd479226fb27e87dd20) Importer(815301076,1909f56bfc062723c751e8b465ee728b)
Start importing Assets/Anima/TT_demo_police.controller using Guid(60fe268de5c24bd479226fb27e87dd20) Importer(815301076,1909f56bfc062723c751e8b465ee728b)  -> (artifact id: 'c27af9a282b7adfd71faaabbe5d8d72e') in 0.004458 seconds
  Import took 0.012925 seconds .

========================================================================
Received Import Request.
  Time since last request: 0.003695 seconds.
  path: Assets/Anima/TT_demo_police.controller
  artifactKey: Guid(60fe268de5c24bd479226fb27e87dd20) Importer(815301076,1909f56bfc062723c751e8b465ee728b)
Start importing Assets/Anima/TT_demo_police.controller using Guid(60fe268de5c24bd479226fb27e87dd20) Importer(815301076,1909f56bfc062723c751e8b465ee728b)  -> (artifact id: 'c27af9a282b7adfd71faaabbe5d8d72e') in 0.002868 seconds
  Import took 0.009983 seconds .

========================================================================
Received Import Request.
  Time since last request: 264.372400 seconds.
  path: Assets/Anima/Landing.fbx
  artifactKey: Guid(7ff27a0714980554583ab98cdc78b8ac) Importer(815301076,1909f56bfc062723c751e8b465ee728b)
Start importing Assets/Anima/Landing.fbx using Guid(7ff27a0714980554583ab98cdc78b8ac) Importer(815301076,1909f56bfc062723c751e8b465ee728b)  -> (artifact id: '501e6c2b0603f12c15560a0f226d8bcd') in 0.010822 seconds
  Import took 0.019010 seconds .

========================================================================
Received Import Request.
  Time since last request: 27.725232 seconds.
  path: Assets/Anima/Landing.fbx
  artifactKey: Guid(7ff27a0714980554583ab98cdc78b8ac) Importer(815301076,1909f56bfc062723c751e8b465ee728b)
Start importing Assets/Anima/Landing.fbx using Guid(7ff27a0714980554583ab98cdc78b8ac) Importer(815301076,1909f56bfc062723c751e8b465ee728b)  -> (artifact id: 'eef0c0413937fb1cb1407c386d63828e') in 0.004983 seconds
  Import took 0.014178 seconds .

========================================================================
Received Prepare
Registering precompiled user dll's ...
Registered in 0.016515 seconds.
Begin MonoManager ReloadAssembly
Native extension for WindowsStandalone target not found
Refreshing native plugins compatible for Editor in 2.40 ms, found 5 plugins.
Preloading 0 native plugins for Editor in 0.00 ms.
Warning: Annotation not found!
UnityEngine.StackTraceUtility:ExtractStackTrace ()
UnityEditor.ProBuilder.EditorUtility:SetGizmoIconEnabled (System.Type,bool) (at Library/PackageCache/com.unity.probuilder@5.0.3/Editor/EditorCore/EditorUtility.cs:575)
UnityEditor.ProBuilder.HierarchyListener:.cctor () (at Library/PackageCache/com.unity.probuilder@5.0.3/Editor/EditorCore/HierarchyListener.cs:21)
System.Runtime.CompilerServices.RuntimeHelpers:RunClassConstructor (System.RuntimeTypeHandle)
UnityEditor.EditorAssemblies:ProcessInitializeOnLoadAttributes (System.Type[])

[Library/PackageCache/com.unity.probuilder@5.0.3/Editor/EditorCore/EditorUtility.cs line 575]

Invoked RoslynAnalysisRunner static constructor.
RoslynAnalysisRunner will not be running.
RoslynAnalysisRunner has terminated.
Mono: successfully reloaded assembly
- Completed reload, in  1.544 seconds
Platform modules already initialized, skipping
Switching build target platform(5) subTarget(0) extendedPlatform(0) -> platform(13) subTarget(537395200) extendedPlatform(0)
Shader 'Universal Render Pipeline/Particles/Lit': fallback shader 'Universal Render Pipeline/Particles/SimpleLit' not found
Refreshing native plugins compatible for Editor in 1.92 ms, found 5 plugins.
Preloading 0 native plugins for Editor in 0.00 ms.
Unloading 4660 Unused Serialized files (Serialized files now loaded: 0)
System memory in use before: 199.6 MB.
System memory in use after: 199.8 MB.

Unloading 124 unused Assets to reduce memory usage. Loaded Objects now: 5402.
Total: 4.129000 ms (FindLiveObjects: 0.586100 ms CreateObjectMapping: 0.133500 ms MarkObjects: 3.185800 ms  DeleteObjects: 0.221800 ms)

AssetImportParameters requested are different than current active one (requested -> active):
  custom:graphics/normal-map-encoding: 01000000000000000000000000000000 -> 02000000000000000000000000000000
========================================================================
Received Import Request.
  Time since last request: 214.898216 seconds.
  path: Assets/Anima/Landing.fbx
  artifactKey: Guid(7ff27a0714980554583ab98cdc78b8ac) Importer(815301076,1909f56bfc062723c751e8b465ee728b)
Start importing Assets/Anima/Landing.fbx using Guid(7ff27a0714980554583ab98cdc78b8ac) Importer(815301076,1909f56bfc062723c751e8b465ee728b)  -> (artifact id: '7e91e8cb96e07d5e4231bd4a5dcfcc02') in 0.025303 seconds
  Import took 0.035336 seconds .

========================================================================
Received Import Request.
  Time since last request: 0.000561 seconds.
  path: Assets/Anima/Landing.fbx
  artifactKey: Guid(7ff27a0714980554583ab98cdc78b8ac) Importer(815301076,1909f56bfc062723c751e8b465ee728b)
Start importing Assets/Anima/Landing.fbx using Guid(7ff27a0714980554583ab98cdc78b8ac) Importer(815301076,1909f56bfc062723c751e8b465ee728b)  -> (artifact id: '7e91e8cb96e07d5e4231bd4a5dcfcc02') in 0.005619 seconds
  Import took 0.013139 seconds .

========================================================================
Received Prepare
Registering precompiled user dll's ...
Registered in 0.013324 seconds.
Begin MonoManager ReloadAssembly
Native extension for WindowsStandalone target not found
Refreshing native plugins compatible for Editor in 1.76 ms, found 5 plugins.
Preloading 0 native plugins for Editor in 0.00 ms.
Warning: Annotation not found!
UnityEngine.StackTraceUtility:ExtractStackTrace ()
UnityEditor.ProBuilder.EditorUtility:SetGizmoIconEnabled (System.Type,bool) (at Library/PackageCache/com.unity.probuilder@5.0.3/Editor/EditorCore/EditorUtility.cs:575)
UnityEditor.ProBuilder.HierarchyListener:.cctor () (at Library/PackageCache/com.unity.probuilder@5.0.3/Editor/EditorCore/HierarchyListener.cs:21)
System.Runtime.CompilerServices.RuntimeHelpers:RunClassConstructor (System.RuntimeTypeHandle)
UnityEditor.EditorAssemblies:ProcessInitializeOnLoadAttributes (System.Type[])

[Library/PackageCache/com.unity.probuilder@5.0.3/Editor/EditorCore/EditorUtility.cs line 575]

Invoked RoslynAnalysisRunner static constructor.
RoslynAnalysisRunner will not be running.
RoslynAnalysisRunner has terminated.
Mono: successfully reloaded assembly
- Completed reload, in  1.360 seconds
Platform modules already initialized, skipping
Switching build target platform(5) subTarget(0) extendedPlatform(0) -> platform(13) subTarget(537395200) extendedPlatform(0)
Shader 'Universal Render Pipeline/Particles/Lit': fallback shader 'Universal Render Pipeline/Particles/SimpleLit' not found
Refreshing native plugins compatible for Editor in 1.75 ms, found 5 plugins.
Preloading 0 native plugins for Editor in 0.00 ms.
Unloading 4660 Unused Serialized files (Serialized files now loaded: 0)
System memory in use before: 199.6 MB.
System memory in use after: 199.8 MB.

Unloading 124 unused Assets to reduce memory usage. Loaded Objects now: 5404.
Total: 3.593900 ms (FindLiveObjects: 0.534500 ms CreateObjectMapping: 0.125700 ms MarkObjects: 2.710200 ms  DeleteObjects: 0.222500 ms)

AssetImportParameters requested are different than current active one (requested -> active):
  custom:graphics/normal-map-encoding: 01000000000000000000000000000000 -> 02000000000000000000000000000000
========================================================================
Received Prepare
Registering precompiled user dll's ...
Registered in 0.015941 seconds.
Begin MonoManager ReloadAssembly
Native extension for WindowsStandalone target not found
Refreshing native plugins compatible for Editor in 2.13 ms, found 5 plugins.
Preloading 0 native plugins for Editor in 0.00 ms.
Warning: Annotation not found!
UnityEngine.StackTraceUtility:ExtractStackTrace ()
UnityEditor.ProBuilder.EditorUtility:SetGizmoIconEnabled (System.Type,bool) (at Library/PackageCache/com.unity.probuilder@5.0.3/Editor/EditorCore/EditorUtility.cs:575)
UnityEditor.ProBuilder.HierarchyListener:.cctor () (at Library/PackageCache/com.unity.probuilder@5.0.3/Editor/EditorCore/HierarchyListener.cs:21)
System.Runtime.CompilerServices.RuntimeHelpers:RunClassConstructor (System.RuntimeTypeHandle)
UnityEditor.EditorAssemblies:ProcessInitializeOnLoadAttributes (System.Type[])

[Library/PackageCache/com.unity.probuilder@5.0.3/Editor/EditorCore/EditorUtility.cs line 575]

Invoked RoslynAnalysisRunner static constructor.
RoslynAnalysisRunner will not be running.
RoslynAnalysisRunner has terminated.
Mono: successfully reloaded assembly
- Completed reload, in  1.510 seconds
Platform modules already initialized, skipping
Switching build target platform(5) subTarget(0) extendedPlatform(0) -> platform(13) subTarget(537395200) extendedPlatform(0)
Shader 'Universal Render Pipeline/Particles/Lit': fallback shader 'Universal Render Pipeline/Particles/SimpleLit' not found
Refreshing native plugins compatible for Editor in 1.89 ms, found 5 plugins.
Preloading 0 native plugins for Editor in 0.00 ms.
Unloading 4660 Unused Serialized files (Serialized files now loaded: 0)
System memory in use before: 199.4 MB.
System memory in use after: 199.7 MB.

Unloading 124 unused Assets to reduce memory usage. Loaded Objects now: 5406.
Total: 4.023200 ms (FindLiveObjects: 0.612000 ms CreateObjectMapping: 0.139900 ms MarkObjects: 3.032900 ms  DeleteObjects: 0.237200 ms)

AssetImportParameters requested are different than current active one (requested -> active):
  custom:graphics/normal-map-encoding: 01000000000000000000000000000000 -> 02000000000000000000000000000000
========================================================================
Received Prepare
Registering precompiled user dll's ...
Registered in 0.013761 seconds.
Begin MonoManager ReloadAssembly
Native extension for WindowsStandalone target not found
Refreshing native plugins compatible for Editor in 1.75 ms, found 5 plugins.
Preloading 0 native plugins for Editor in 0.00 ms.
Warning: Annotation not found!
UnityEngine.StackTraceUtility:ExtractStackTrace ()
UnityEditor.ProBuilder.EditorUtility:SetGizmoIconEnabled (System.Type,bool) (at Library/PackageCache/com.unity.probuilder@5.0.3/Editor/EditorCore/EditorUtility.cs:575)
UnityEditor.ProBuilder.HierarchyListener:.cctor () (at Library/PackageCache/com.unity.probuilder@5.0.3/Editor/EditorCore/HierarchyListener.cs:21)
System.Runtime.CompilerServices.RuntimeHelpers:RunClassConstructor (System.RuntimeTypeHandle)
UnityEditor.EditorAssemblies:ProcessInitializeOnLoadAttributes (System.Type[])

[Library/PackageCache/com.unity.probuilder@5.0.3/Editor/EditorCore/EditorUtility.cs line 575]

Invoked RoslynAnalysisRunner static constructor.
RoslynAnalysisRunner will not be running.
RoslynAnalysisRunner has terminated.
Mono: successfully reloaded assembly
- Completed reload, in  1.314 seconds
Platform modules already initialized, skipping
Switching build target platform(5) subTarget(0) extendedPlatform(0) -> platform(13) subTarget(537395200) extendedPlatform(0)
Shader 'Universal Render Pipeline/Particles/Lit': fallback shader 'Universal Render Pipeline/Particles/SimpleLit' not found
Refreshing native plugins compatible for Editor in 1.77 ms, found 5 plugins.
Preloading 0 native plugins for Editor in 0.00 ms.
Unloading 4660 Unused Serialized files (Serialized files now loaded: 0)
System memory in use before: 199.4 MB.
System memory in use after: 199.7 MB.

Unloading 124 unused Assets to reduce memory usage. Loaded Objects now: 5408.
Total: 3.492300 ms (FindLiveObjects: 0.537300 ms CreateObjectMapping: 0.115100 ms MarkObjects: 2.598600 ms  DeleteObjects: 0.239900 ms)

AssetImportParameters requested are different than current active one (requested -> active):
  custom:graphics/normal-map-encoding: 01000000000000000000000000000000 -> 02000000000000000000000000000000
AssetImportWorkerClient::OnTransportError - code=2 error=End of file
